<?xml version="1.0" encoding="UTF-8"?>
<!-- Generated by org.testng.reporters.JUnitReportReporter -->
<testsuite hostname="LAPTOP-IOP631EF" failures="0" tests="1" name="parent.StudentLoginTest" time="3.563" errors="0" timestamp="2023-08-09T09:20:54 IST" skipped="0">
  <testcase classname="parent.StudentLoginTest" name="studentLogin" time="3.563"/>
  <system-out/>
</testsuite> <!-- parent.StudentLoginTest -->
