<?xml version="1.0" encoding="UTF-8"?>
<!-- Generated by org.testng.reporters.JUnitReportReporter -->
<testsuite hostname="LAPTOP-IOP631EF" failures="0" tests="1" name="practicepackage.TestNgAnnotation" time="0.011" errors="0" timestamp="2023-08-07T15:59:43 IST" skipped="0">
  <testcase classname="practicepackage.TestNgAnnotation" name="test" time="0.011"/>
  <system-out/>
</testsuite> <!-- practicepackage.TestNgAnnotation -->
