<?xml version="1.0" encoding="UTF-8"?>
<!-- Generated by org.testng.reporters.JUnitReportReporter -->
<testsuite hostname="LAPTOP-IOP631EF" failures="0" tests="6" name="practicepackage.GetDataFromExcel2USingDataProvider" time="0.027" errors="0" timestamp="2023-08-04T16:29:44 IST" skipped="0">
  <testcase classname="practicepackage.GetDataFromExcel2USingDataProvider" name="getData" time="0.003"/>
  <system-out/>
  <testcase classname="practicepackage.GetDataFromExcel2USingDataProvider" name="getData" time="0.012"/>
  <system-out/>
  <testcase classname="practicepackage.GetDataFromExcel2USingDataProvider" name="getData" time="0.003"/>
  <system-out/>
  <testcase classname="practicepackage.GetDataFromExcel2USingDataProvider" name="getData" time="0.003"/>
  <system-out/>
  <testcase classname="practicepackage.GetDataFromExcel2USingDataProvider" name="getData" time="0.004"/>
  <system-out/>
  <testcase classname="practicepackage.GetDataFromExcel2USingDataProvider" name="getData" time="0.002"/>
  <system-out/>
</testsuite> <!-- practicepackage.GetDataFromExcel2USingDataProvider -->
