<?xml version="1.0" encoding="UTF-8"?>
<!-- Generated by org.testng.reporters.JUnitReportReporter -->
<testsuite hostname="LAPTOP-IOP631EF" failures="0" tests="2" name="practicepackage.DataProviderTest" time="0.020" errors="0" timestamp="2023-08-04T13:28:12 IST" skipped="0">
  <testcase classname="practicepackage.DataProviderTest" name="getData" time="0.017"/>
  <system-out/>
  <testcase classname="practicepackage.DataProviderTest" name="getData" time="0.003"/>
  <system-out/>
</testsuite> <!-- practicepackage.DataProviderTest -->
