<?xml version="1.0" encoding="UTF-8"?>
<!-- Generated by org.testng.reporters.JUnitReportReporter -->
<testsuite hostname="LAPTOP-IOP631EF" failures="0" tests="2" name="practicepackage.TestngDemo" time="0.019" errors="0" timestamp="2023-08-04T12:37:50 IST" skipped="1">
  <testcase classname="practicepackage.TestngDemo" name="data2" time="0.019"/>
  <system-out/>
  <testcase classname="practicepackage.TestngDemo" name="data1">
    <skipped/>
  </testcase> <!-- data1 -->
  <system-out/>
</testsuite> <!-- practicepackage.TestngDemo -->
