<?xml version="1.0" encoding="UTF-8"?>
<!-- Generated by org.testng.reporters.JUnitReportReporter -->
<testsuite hostname="LAPTOP-IOP631EF" failures="0" tests="2" name="practicepackage.TestNgAnnotaion2" time="0.021" errors="0" timestamp="2023-08-07T15:01:38 IST" skipped="0">
  <testcase classname="practicepackage.TestNgAnnotaion2" name="script" time="0.009"/>
  <system-out/>
  <testcase classname="practicepackage.TestNgAnnotaion2" name="exeuteScript" time="0.012"/>
  <system-out/>
</testsuite> <!-- practicepackage.TestNgAnnotaion2 -->
