<?xml version="1.0" encoding="UTF-8"?>
<!-- Generated by org.testng.reporters.JUnitReportReporter -->
<testsuite hostname="LAPTOP-IOP631EF" failures="0" tests="6" name="practicepackage.getDataFromDataProvidedByExcel" time="0.085" errors="0" timestamp="2023-08-04T16:07:23 IST" skipped="0">
  <testcase classname="practicepackage.getDataFromDataProvidedByExcel" name="getData" time="0.004"/>
  <system-out/>
  <testcase classname="practicepackage.getDataFromDataProvidedByExcel" name="getData" time="0.010"/>
  <system-out/>
  <testcase classname="practicepackage.getDataFromDataProvidedByExcel" name="getData" time="0.012"/>
  <system-out/>
  <testcase classname="practicepackage.getDataFromDataProvidedByExcel" name="getData" time="0.002"/>
  <system-out/>
  <testcase classname="practicepackage.getDataFromDataProvidedByExcel" name="getData" time="0.004"/>
  <system-out/>
  <testcase classname="practicepackage.getDataFromDataProvidedByExcel" name="getData" time="0.053"/>
  <system-out/>
</testsuite> <!-- practicepackage.getDataFromDataProvidedByExcel -->
