<?xml version="1.0" encoding="UTF-8"?>
<!-- Generated by org.testng.reporters.JUnitReportReporter -->
<testsuite hostname="LAPTOP-IOP631EF" failures="0" tests="1" name="admin.CreateSubjectRoutingTest" time="40.524" errors="0" timestamp="2023-08-10T13:19:31 IST" skipped="0">
  <testcase classname="admin.CreateSubjectRoutingTest" name="createSubject" time="40.524"/>
  <system-out>
    <![CDATA[createSubject------>testscript execution statred]]>
  </system-out>
</testsuite> <!-- admin.CreateSubjectRoutingTest -->
