<?xml version="1.0" encoding="UTF-8"?>
<!-- Generated by org.testng.reporters.JUnitReportReporter -->
<testsuite hostname="LAPTOP-IOP631EF" failures="0" tests="11" name="practicepackage.GetDataFromExcelUsingGenericDataProvider" time="0.094" errors="0" timestamp="2023-08-07T09:54:29 IST" skipped="0">
  <testcase classname="practicepackage.GetDataFromExcelUsingGenericDataProvider" name="getData" time="0.009"/>
  <system-out/>
  <testcase classname="practicepackage.GetDataFromExcelUsingGenericDataProvider" name="getData" time="0.010"/>
  <system-out/>
  <testcase classname="practicepackage.GetDataFromExcelUsingGenericDataProvider" name="getData" time="0.005"/>
  <system-out/>
  <testcase classname="practicepackage.GetDataFromExcelUsingGenericDataProvider" name="getData" time="0.003"/>
  <system-out/>
  <testcase classname="practicepackage.GetDataFromExcelUsingGenericDataProvider" name="getData" time="0.009"/>
  <system-out/>
  <testcase classname="practicepackage.GetDataFromExcelUsingGenericDataProvider" name="getData" time="0.020"/>
  <system-out/>
  <testcase classname="practicepackage.GetDataFromExcelUsingGenericDataProvider" name="getData" time="0.004"/>
  <system-out/>
  <testcase classname="practicepackage.GetDataFromExcelUsingGenericDataProvider" name="getData" time="0.008"/>
  <system-out/>
  <testcase classname="practicepackage.GetDataFromExcelUsingGenericDataProvider" name="getData" time="0.008"/>
  <system-out/>
  <testcase classname="practicepackage.GetDataFromExcelUsingGenericDataProvider" name="getData" time="0.012"/>
  <system-out/>
  <testcase classname="practicepackage.GetDataFromExcelUsingGenericDataProvider" name="getData" time="0.006"/>
  <system-out/>
</testsuite> <!-- practicepackage.GetDataFromExcelUsingGenericDataProvider -->
