<?xml version="1.0" encoding="UTF-8"?>
<!-- Generated by org.testng.reporters.JUnitReportReporter -->
<testsuite hostname="LAPTOP-IOP631EF" failures="0" tests="1" name="parent.SonExamHistoryTest" time="9.608" errors="0" timestamp="2023-08-09T16:08:34 IST" skipped="0">
  <testcase classname="parent.SonExamHistoryTest" name="sonExam" time="9.608"/>
  <system-out/>
</testsuite> <!-- parent.SonExamHistoryTest -->
