<?xml version="1.0" encoding="UTF-8"?>
<!-- Generated by org.testng.reporters.JUnitReportReporter -->
<testsuite hostname="LAPTOP-IOP631EF" failures="0" tests="2" name="practicepackage.Launch_app" time="24.270" errors="0" timestamp="2023-08-08T10:28:15 IST" skipped="0">
  <testcase classname="practicepackage.Launch_app" name="launch_app" time="13.153"/>
  <system-out/>
  <testcase classname="practicepackage.Launch_app" name="launch_app" time="11.117"/>
  <system-out/>
</testsuite> <!-- practicepackage.Launch_app -->
