<?xml version="1.0" encoding="UTF-8"?>
<!-- Generated by org.testng.reporters.JUnitReportReporter -->
<testsuite hostname="LAPTOP-IOP631EF" failures="0" tests="5" name="practicepackage.GetData" time="0.040" errors="0" timestamp="2023-08-04T15:02:22 IST" skipped="0">
  <testcase classname="practicepackage.GetData" name="getData1" time="0.005"/>
  <system-out/>
  <testcase classname="practicepackage.GetData" name="getData1" time="0.024"/>
  <system-out/>
  <testcase classname="practicepackage.GetData" name="getData1" time="0.006"/>
  <system-out/>
  <testcase classname="practicepackage.GetData" name="geData2" time="0.003"/>
  <system-out/>
  <testcase classname="practicepackage.GetData" name="geData2" time="0.002"/>
  <system-out/>
</testsuite> <!-- practicepackage.GetData -->
