<?xml version="1.0" encoding="UTF-8"?>
<!-- Generated by org.testng.reporters.JUnitXMLReporter -->
<testsuite ignored="2" hostname="LAPTOP-IOP631EF" failures="0" tests="2" name="Test-runner-2" time="5.1" errors="0" timestamp="2023-08-09T09:28:23 IST">
  <testcase classname="admin.CreateSubjectRoutingTest" name="createSubject" time="0.0">
    <skipped/>
  </testcase> <!-- createSubject -->
  <testcase classname="admin.CreateStudentDetailsTest" name="createStudent" time="0.0">
    <skipped/>
  </testcase> <!-- createStudent -->
  <testcase classname="com.sms.GenericUtility.Base_Class" name="@AfterSuite config_AS" time="0.0">
    <ignored/>
  </testcase> <!-- @AfterSuite config_AS -->
  <testcase classname="com.sms.GenericUtility.Base_Class" name="@BeforeSuite config_BS" time="0.0">
    <ignored/>
  </testcase> <!-- @BeforeSuite config_BS -->
</testsuite> <!-- Test-runner-2 -->
