<?xml version="1.0" encoding="UTF-8"?>
<!-- Generated by org.testng.reporters.JUnitXMLReporter -->
<testsuite ignored="0" hostname="LAPTOP-IOP631EF" failures="0" tests="1" name="test-runner2" time="1451.074" errors="0" timestamp="2023-08-07T17:15:36 IST">
  <testcase classname="practicepackage.Launch_app" name="launch_app" time="0.0">
    <skipped/>
  </testcase> <!-- launch_app -->
</testsuite> <!-- test-runner2 -->
