<?xml version="1.0" encoding="UTF-8"?>
<!-- Generated by org.testng.reporters.JUnitXMLReporter -->
<testsuite ignored="0" hostname="LAPTOP-IOP631EF" failures="0" tests="4" name="Test-runner1" time="25.262" errors="0" timestamp="2023-08-07T16:51:25 IST">
  <testcase classname="com.sms.GenericUtility.Base_Class" name="@AfterMethod config_AM" time="5.985">
    <failure type="org.openqa.selenium.NoSuchElementException" message="Cannot locate an element using xpath=//span[text()=&amp;apos;Ingenious Developer1&amp;apos;]
For documentation on this error, please visit: https://www.seleniumhq.org/exceptions/no_such_element.html
Build info: version: &amp;apos;3.141.59&amp;apos;, revision: &amp;apos;e82be7d358&amp;apos;, time: &amp;apos;2018-11-14T08:17:03&amp;apos;
System info: host: &amp;apos;LAPTOP-IOP631EF&amp;apos;, ip: &amp;apos;192.168.0.241&amp;apos;, os.name: &amp;apos;Windows 10&amp;apos;, os.arch: &amp;apos;amd64&amp;apos;, os.version: &amp;apos;10.0&amp;apos;, java.version: &amp;apos;17.0.7&amp;apos;
Driver info: driver.version: RemoteWebDriver">
      <![CDATA[org.openqa.selenium.NoSuchElementException: Cannot locate an element using xpath=//span[text()='Ingenious Developer1']
For documentation on this error, please visit: https://www.seleniumhq.org/exceptions/no_such_element.html
Build info: version: '3.141.59', revision: 'e82be7d358', time: '2018-11-14T08:17:03'
System info: host: 'LAPTOP-IOP631EF', ip: '192.168.0.241', os.name: 'Windows 10', os.arch: 'amd64', os.version: '10.0', java.version: '17.0.7'
Driver info: driver.version: RemoteWebDriver
at org.openqa.selenium.remote.RemoteWebDriver.findElement(RemoteWebDriver.java:327)
at org.openqa.selenium.remote.RemoteWebDriver.findElementByXPath(RemoteWebDriver.java:428)
at org.openqa.selenium.By$ByXPath.findElement(By.java:353)
at org.openqa.selenium.remote.RemoteWebDriver.findElement(RemoteWebDriver.java:315)
at org.openqa.selenium.support.pagefactory.DefaultElementLocator.findElement(DefaultElementLocator.java:69)
at org.openqa.selenium.support.pagefactory.internal.LocatingElementHandler.invoke(LocatingElementHandler.java:38)
at jdk.proxy2/jdk.proxy2.$Proxy15.click(Unknown Source)
at object_repository.Loginpage.logout(Loginpage.java:55)
at com.sms.GenericUtility.Base_Class.config_AM(Base_Class.java:75)
at java.base/java.util.ArrayList.forEach(ArrayList.java:1511)
at java.base/java.util.concurrent.FutureTask.run(FutureTask.java:264)
at java.base/java.util.concurrent.ThreadPoolExecutor.runWorker(ThreadPoolExecutor.java:1136)
at java.base/java.util.concurrent.ThreadPoolExecutor$Worker.run(ThreadPoolExecutor.java:635)
at java.base/java.lang.Thread.run(Thread.java:833)
... Removed 22 stack frames]]>
    </failure>
  </testcase> <!-- @AfterMethod config_AM -->
  <testcase classname="com.sms.GenericUtility.Base_Class" name="@BeforeMethod config_BM" time="0.0">
    <skipped/>
  </testcase> <!-- @BeforeMethod config_BM -->
  <testcase classname="com.sms.GenericUtility.Base_Class" name="@AfterMethod config_AM" time="0.0">
    <skipped/>
  </testcase> <!-- @AfterMethod config_AM -->
  <testcase classname="com.sms.GenericUtility.Base_Class" name="@BeforeMethod config_BM" time="0.0">
    <skipped/>
  </testcase> <!-- @BeforeMethod config_BM -->
  <testcase classname="com.sms.GenericUtility.Base_Class" name="@AfterMethod config_AM" time="0.0">
    <skipped/>
  </testcase> <!-- @AfterMethod config_AM -->
  <testcase classname="com.sms.GenericUtility.Base_Class" name="@AfterClass config_AC" time="0.0">
    <skipped/>
  </testcase> <!-- @AfterClass config_AC -->
  <testcase classname="practicepackage.GroupExecutioninTestNG" name="clss" time="0.013"/>
  <testcase classname="practicepackage.GroupExecutioninTestNG" name="grade" time="0.005"/>
  <testcase classname="practicepackage.GroupExecutioninTestNG" name="student" time="0.0">
    <skipped/>
  </testcase> <!-- student -->
  <testcase classname="practicepackage.GroupExecutioninTestNG" name="teacher" time="0.0">
    <skipped/>
  </testcase> <!-- teacher -->
</testsuite> <!-- Test-runner1 -->
